  TrueDecoratorLab.cpp
Y:\ООП С++ ЛАБ. 2 КУРС 2 СЕМЕСТР\ЛАБ.5\DecoratorLab\TrueDecoratorLab\TrueDecoratorLab.cpp(59,25): warning C4129: T: неизвестная escape-последовательность
Y:\ООП С++ ЛАБ. 2 КУРС 2 СЕМЕСТР\ЛАБ.5\DecoratorLab\TrueDecoratorLab\TrueDecoratorLab.cpp(99,25): warning C4129: c: неизвестная escape-последовательность
Y:\ООП С++ ЛАБ. 2 КУРС 2 СЕМЕСТР\ЛАБ.5\DecoratorLab\TrueDecoratorLab\TrueDecoratorLab.cpp(142,25): warning C4129: c: неизвестная escape-последовательность
Y:\ООП С++ ЛАБ. 2 КУРС 2 СЕМЕСТР\ЛАБ.5\DecoratorLab\TrueDecoratorLab\TrueDecoratorLab.cpp(157,25): warning C4129: c: неизвестная escape-последовательность
Y:\ООП С++ ЛАБ. 2 КУРС 2 СЕМЕСТР\ЛАБ.5\DecoratorLab\TrueDecoratorLab\TrueDecoratorLab.cpp(165,29): warning C4129: <: неизвестная escape-последовательность
Y:\ООП С++ ЛАБ. 2 КУРС 2 СЕМЕСТР\ЛАБ.5\DecoratorLab\TrueDecoratorLab\TrueDecoratorLab.cpp(165,90): warning C4129: /: неизвестная escape-последовательность
Y:\ООП С++ ЛАБ. 2 КУРС 2 СЕМЕСТР\ЛАБ.5\DecoratorLab\TrueDecoratorLab\TrueDecoratorLab.cpp(192,25): warning C4129: c: неизвестная escape-последовательность
Y:\ООП С++ ЛАБ. 2 КУРС 2 СЕМЕСТР\ЛАБ.5\DecoratorLab\TrueDecoratorLab\TrueDecoratorLab.cpp(207,25): warning C4129: c: неизвестная escape-последовательность
Y:\ООП С++ ЛАБ. 2 КУРС 2 СЕМЕСТР\ЛАБ.5\DecoratorLab\TrueDecoratorLab\TrueDecoratorLab.cpp(214,25): warning C4129: c: неизвестная escape-последовательность
Y:\ООП С++ ЛАБ. 2 КУРС 2 СЕМЕСТР\ЛАБ.5\DecoratorLab\TrueDecoratorLab\TrueDecoratorLab.cpp(228,25): warning C4129: c: неизвестная escape-последовательность
Y:\ООП С++ ЛАБ. 2 КУРС 2 СЕМЕСТР\ЛАБ.5\DecoratorLab\TrueDecoratorLab\TrueDecoratorLab.cpp(231,19): warning C4129: /: неизвестная escape-последовательность
Y:\ООП С++ ЛАБ. 2 КУРС 2 СЕМЕСТР\ЛАБ.5\DecoratorLab\TrueDecoratorLab\TrueDecoratorLab.cpp(231,45): warning C4129: /: неизвестная escape-последовательность
Y:\ООП С++ ЛАБ. 2 КУРС 2 СЕМЕСТР\ЛАБ.5\DecoratorLab\TrueDecoratorLab\TrueDecoratorLab.cpp(231,72): warning C4129: /: неизвестная escape-последовательность
Y:\ООП С++ ЛАБ. 2 КУРС 2 СЕМЕСТР\ЛАБ.5\DecoratorLab\TrueDecoratorLab\TrueDecoratorLab.cpp(253,25): warning C4129: c: неизвестная escape-последовательность
Y:\ООП С++ ЛАБ. 2 КУРС 2 СЕМЕСТР\ЛАБ.5\DecoratorLab\TrueDecoratorLab\TrueDecoratorLab.cpp(268,25): warning C4129: c: неизвестная escape-последовательность
Y:\ООП С++ ЛАБ. 2 КУРС 2 СЕМЕСТР\ЛАБ.5\DecoratorLab\TrueDecoratorLab\TrueDecoratorLab.cpp(293,68): warning C4129: <: неизвестная escape-последовательность
Y:\ООП С++ ЛАБ. 2 КУРС 2 СЕМЕСТР\ЛАБ.5\DecoratorLab\TrueDecoratorLab\TrueDecoratorLab.cpp(293,119): warning C4129: /: неизвестная escape-последовательность
Y:\ООП С++ ЛАБ. 2 КУРС 2 СЕМЕСТР\ЛАБ.5\DecoratorLab\TrueDecoratorLab\TrueDecoratorLab.cpp(327,12): warning C4129: c: неизвестная escape-последовательность
  TrueDecoratorLab.vcxproj -> Y:\ООП С++ ЛАБ. 2 КУРС 2 СЕМЕСТР\ЛАБ.5\DecoratorLab\Debug\TrueDecoratorLab.exe
